# List of all VC
DimerContinuityC1__VC_303890932454_004
ForcesNumerDeriv__VC_710586816390_003
InversionSymmetry__VC_021653764022_002
MemoryLeak__VC_561022993723_004
Objectivity__VC_813478999433_002
PeriodicitySupport__VC_895061507745_004
PermutationSymmetry__VC_903502816694_002
SpeciesSupportedAsStated__VC_651200051721_002
ThreadSafety__VC_881176209980_005
UnitConversion__VC_128739598203_001

# Install VC
/home/openkim/verification-checks/PermutationSymmetry__VC_903502816694_002 already exists, skipping...
+ Running pair (PermutationSymmetry__VC_903502816694_002, SF__MO_000000000000_000)

Cannot build driver TorchMLMD__MD_000000000000_000 of SF__MO_000000000000_000. Skipping build of driver and continuing with build of item...

# --------------------------------------------VC-----------------------------------------------
Model Extended KIM ID = 
=== Verification check vc-permutation-symmetry start (2023-04-06 15:43:14) ===
!!!!!!!!!!!!!!!!!!!!!!!!!!!!!!!!!!!!!!!!!!!!!!!!!!!!!!!!!
!!!!!!!!!!!!!!!!!!!!!!!!!!!!!!!!!!!!!!!!!!!!!!!!!!!!!!!!!
!!!!!                                               !!!!!
!!!!!  VERIFICATION CHECK: vc-permutation-symmetry  !!!!!
!!!!!                                               !!!!!
!!!!!!!!!!!!!!!!!!!!!!!!!!!!!!!!!!!!!!!!!!!!!!!!!!!!!!!!!
!!!!!!!!!!!!!!!!!!!!!!!!!!!!!!!!!!!!!!!!!!!!!!!!!!!!!!!!!

Description: Check whether a model is invariant with respect to atom
             permutations that preserve species, i.e. swapping any two atoms
             with the same species must not change the energy or forces. This
             must be true for all models. The check is performed for a randomly
             distorted non-periodic diamond cube base structure. Separate
             configurations are tested for each species supported by the model,
             as well as one containing a random distribution of all species.
             The energy and forces of each configuration are compared with one
             where each atom is randomly swapped with another atom of the same
             species. The energy and forces must remain unchanged. The
             verification check will pass if these conditions are satisfied for
             all configurations that the model is able to compute.
             Configurations used for testing are provided as auxiliary files.

Author: Ellad Tadmor

-------------------------------------------------------------------------------------------------------------------------
Results for KIM Model      : SF__MO_000000000000_000
Supported species          : Si

random seed                = 13
lattice constant (orig)    = 5.000
perturbation amplitude     = 0.500
number unit cells per side = 2
-------------------------------------------------------------------------------------------------------------------------


MONOATOMIC STRUCTURE -- Species = Si   (Configuration in file "config-Si.xyz")
-------------------------------------------------------------------------------------------------------------------------

Permutation list = [24, 2, 1, 40, 63, 7, 38, 5, 43, 20, 18, 17, 56, 25, 39, 23, 58, 11, 10, 62, 9, 27, 32, 15, 0, 13, 54, 21, 59, 55, 48, 57, 22, 37, 49, 61, 52, 33, 6, 14, 3, 44, 53, 8, 41, 47, 50, 45, 30, 34, 46, 60, 36, 42, 26, 29, 12, 31, 16, 28, 51, 35, 19, 4]

Energy requirement:

V(r_(PI 1),...,r_(PI N)) = V(r_1,...,r_N), where r_i is the position of atom i, V is the potential energy, 
and PI is the permutation operator (which randomly swaps all atoms with other atoms of the same species).

V(r_(PI 1),...,r_(PI N)) = -250.84635560375094
V(r_1,...,r_N)           = -250.84635560375094

Forces requirement:

f_(PI i)(r_(PI 1),...,r_(PI N)) = f_i(r_1,...,r_N), where r_i is the position of atom i, f_i is the force on atom i 
and PI is the permutation operator (which randomly swaps all atoms with other atoms of the same species).

  i             f_(PI i)(r_(PI 1),...,r_(PI N))                                  f_i(r_1,...,r_N)
-------------------------------------------------------------------------------------------------------------------------
  0    9.63474180e-01    2.87932798e-01    4.16982660e-01   |    9.63474180e-01    2.87932798e-01    4.16982660e-01   
  1   -4.20750076e-01   -1.96115202e-01   -1.35191935e-01   |   -4.20750076e-01   -1.96115202e-01   -1.35191935e-01   
  2   -1.61850398e-01    2.80384561e-01    4.91675697e-01   |   -1.61850398e-01    2.80384561e-01    4.91675697e-01   
  3    2.61416612e-02   -4.77351603e-01    4.26858049e-01   |    2.61416612e-02   -4.77351603e-01    4.26858049e-01   
  4    2.72441472e-01    5.62051114e-01   -1.23133124e-01   |    2.72441472e-01    5.62051114e-01   -1.23133124e-01   
  5   -1.95547846e-01   -2.68528475e-01    5.74597958e-01   |   -1.95547846e-01   -2.68528475e-01    5.74597958e-01   
  6    7.78825984e-01    4.60484897e-01    3.13572270e-01   |    7.78825984e-01    4.60484897e-01    3.13572270e-01   
  7   -6.16301527e-01   -6.22935877e-01    2.69617778e-01   |   -6.16301527e-01   -6.22935877e-01    2.69617778e-01   
  8    5.97549686e-01    4.09058227e-01    7.58370604e-01   |    5.97549686e-01    4.09058227e-01    7.58370604e-01   
  9   -2.06781772e-01   -2.89793146e-01   -5.60525174e-01   |   -2.06781772e-01   -2.89793146e-01   -5.60525174e-01   
 10    5.48419954e-01    3.95586265e-01    1.33459516e+00   |    5.48419954e-01    3.95586265e-01    1.33459516e+00   
 11   -9.52468374e-01   -6.43999865e-01   -5.20190285e-01   |   -9.52468374e-01   -6.43999865e-01   -5.20190285e-01   
 12    3.18765923e-01    9.42564107e-01   -3.05934312e-01   |    3.18765923e-01    9.42564107e-01   -3.05934312e-01   
 13   -8.69572078e-01   -7.36631758e-02   -3.04442000e-02   |   -8.69572078e-01   -7.36631758e-02   -3.04442000e-02   
 14    2.91843398e-01    1.51701361e-01    7.53076407e-01   |    2.91843398e-01    1.51701361e-01    7.53076407e-01   
 15   -6.23362152e-01   -1.83018849e-01   -4.94818109e-01   |   -6.23362152e-01   -1.83018849e-01   -4.94818109e-01   
 16    1.11493210e+00    7.37703069e-01    9.09082168e-01   |    1.11493210e+00    7.37703069e-01    9.09082168e-01   
 17   -4.21901812e-01   -1.34347463e-01   -1.03743150e+00   |   -4.21901812e-01   -1.34347463e-01   -1.03743150e+00   
 18   -3.46001706e-01   -3.62265686e-01    8.21714756e-01   |   -3.46001706e-01   -3.62265686e-01    8.21714756e-01   
 19    4.99670835e-02   -5.18519865e-01   -1.31993088e-01   |    4.99670835e-02   -5.18519865e-01   -1.31993088e-01   
 20   -1.51366983e-01   -2.52393781e-01   -2.09533358e-01   |   -1.51366983e-01   -2.52393781e-01   -2.09533358e-01   
 21   -2.65069052e-01   -1.56816916e-01    1.79669755e-01   |   -2.65069052e-01   -1.56816916e-01    1.79669755e-01   
 22    6.36892474e-01    2.80877193e-01    9.04168849e-01   |    6.36892474e-01    2.80877193e-01    9.04168849e-01   
 23   -2.27785678e-01   -1.12084797e+00   -8.54761031e-01   |   -2.27785678e-01   -1.12084797e+00   -8.54761031e-01   
 24    6.15982925e-01    2.62989637e-01    7.57775105e-01   |    6.15982925e-01    2.62989637e-01    7.57775105e-01   
 25   -3.28606957e-01   -7.97923455e-04   -6.29239435e-01   |   -3.28606957e-01   -7.97923455e-04   -6.29239435e-01   
 26    1.28153531e+00   -1.63514448e-01    1.28806860e+00   |    1.28153531e+00   -1.63514448e-01    1.28806860e+00   
 27   -1.36296836e+00   -3.64119466e-01   -9.38297060e-01   |   -1.36296836e+00   -3.64119466e-01   -9.38297060e-01   
 28    4.75045941e-01    5.55313873e-01   -3.04317853e-02   |    4.75045941e-01    5.55313873e-01   -3.04317853e-02   
 29   -8.48301607e-01   -5.15804978e-01   -4.98391244e-01   |   -8.48301607e-01   -5.15804978e-01   -4.98391244e-01   
 30   -5.21301454e-02    3.01118592e-01    1.43916543e-01   |   -5.21301454e-02    3.01118592e-01    1.43916543e-01   
 31    9.10076211e-01   -1.53805744e-01    4.46679457e-01   |    9.10076211e-01   -1.53805744e-01    4.46679457e-01   
 32    4.87235971e-01    4.51257985e-01    7.73763568e-01   |    4.87235971e-01    4.51257985e-01    7.73763568e-01   
 33   -1.61605515e-01   -8.41252812e-01    3.63775248e-02   |   -1.61605515e-01   -8.41252812e-01    3.63775248e-02   
 34   -1.91920069e-02    5.54369984e-01   -5.12111728e-02   |   -1.91920069e-02    5.54369984e-01   -5.12111728e-02   
 35   -2.01701578e-01    6.99866285e-01   -4.97769065e-01   |   -2.01701578e-01    6.99866285e-01   -4.97769065e-01   
 36   -3.51950987e-01    8.16645394e-01   -7.43844186e-01   |   -3.51950987e-01    8.16645394e-01   -7.43844186e-01   
 37    7.30946453e-01    6.57069960e-01   -5.81119149e-01   |    7.30946453e-01    6.57069960e-01   -5.81119149e-01   
 38    8.48768841e-01    2.93181125e-01    2.64132800e-01   |    8.48768841e-01    2.93181125e-01    2.64132800e-01   
 39   -1.00272167e-01    4.64538312e-02   -8.99485989e-01   |   -1.00272167e-01    4.64538312e-02   -8.99485989e-01   
 40    7.82457114e-02    6.02405327e-01   -1.14054929e+00   |    7.82457114e-02    6.02405327e-01   -1.14054929e+00   
 41    1.52656847e-02   -4.43867076e-01    7.25988495e-01   |    1.52656847e-02   -4.43867076e-01    7.25988495e-01   
 42    3.22568054e-01    2.01271468e-01    2.24706124e-01   |    3.22568054e-01    2.01271468e-01    2.24706124e-01   
 43   -5.22158867e-01   -4.89600175e-01   -5.10746655e-01   |   -5.22158867e-01   -4.89600175e-01   -5.10746655e-01   
 44   -2.05284583e-01    1.03328104e+00   -1.29178132e-01   |   -2.05284583e-01    1.03328104e+00   -1.29178132e-01   
 45   -2.80770881e-01   -1.71743785e-01   -3.43167756e-01   |   -2.80770881e-01   -1.71743785e-01   -3.43167756e-01   
 46   -3.67174238e-01   -7.40021865e-01    2.65354947e-01   |   -3.67174238e-01   -7.40021865e-01    2.65354947e-01   
 47   -3.13296768e-01    1.13913170e+00   -6.28560932e-01   |   -3.13296768e-01    1.13913170e+00   -6.28560932e-01   
 48    1.06432282e+00    8.54859251e-01    1.00365602e-01   |    1.06432282e+00    8.54859251e-01    1.00365602e-01   
 49   -6.04128227e-01   -1.87936733e-01   -2.33110325e-01   |   -6.04128227e-01   -1.87936733e-01   -2.33110325e-01   
 50   -1.69960076e-01    4.07356457e-01    5.82495202e-01   |   -1.69960076e-01    4.07356457e-01    5.82495202e-01   
 51   -1.89283846e-01   -7.14301242e-01   -3.76519553e-01   |   -1.89283846e-01   -7.14301242e-01   -3.76519553e-01   
 52   -6.46189350e-02   -7.62495586e-01    9.49679320e-02   |   -6.46189350e-02   -7.62495586e-01    9.49679320e-02   
 53    7.57009394e-01   -7.16252401e-01   -6.65966012e-01   |    7.57009394e-01   -7.16252401e-01   -6.65966012e-01   
 54    1.74425468e+00   -6.05544783e-02    1.12344326e-01   |    1.74425468e+00   -6.05544783e-02    1.12344326e-01   
 55   -1.28754245e+00   -4.66723225e-01   -6.73282081e-01   |   -1.28754245e+00   -4.66723225e-01   -6.73282081e-01   
 56   -6.32785508e-02   -3.50572939e-01   -5.28849167e-03   |   -6.32785508e-02   -3.50572939e-01   -5.28849167e-03   
 57    1.08496239e-01   -7.12996629e-02    6.30761512e-01   |    1.08496239e-01   -7.12996629e-02    6.30761512e-01   
 58   -6.53334946e-01    1.53959975e-01   -1.81004809e-01   |   -6.53334946e-01    1.53959975e-01   -1.81004809e-01   
 59   -3.62870952e-01   -1.67519092e-01   -4.40699841e-01   |   -3.62870952e-01   -1.67519092e-01   -4.40699841e-01   
 60   -4.79584089e-01    1.73360771e-01    5.88341286e-01   |   -4.79584089e-01    1.73360771e-01    5.88341286e-01   
 61   -6.02787852e-01   -3.55857295e-01   -6.17637381e-01   |   -6.02787852e-01   -3.55857295e-01   -6.17637381e-01   
 62    1.59854210e-01   -3.82965803e-01    2.75194418e-01   |    1.59854210e-01   -3.82965803e-01    2.75194418e-01   
 63   -1.47298327e-01   -2.90631648e-01   -2.45759091e-01   |   -1.47298327e-01   -2.90631648e-01   -2.45759091e-01   
-------------------------------------------------------------------------------------------------------------------------
PASS: Energies and forces are the same to within a relative error of 1e-08
-------------------------------------------------------------------------------------------------------------------------

=========================================================================================================================
To pass this verification check the model must be invariant with respect to
perumutation symmetry for all configurations it was able to compute.

Grade: P

Comment: Model energy has permutation symmetry for all configurations the model was able to compute.


=== Verification check vc-permutation-symmetry end (2023-04-06 15:43:15) ===

  Pair produced Verification Result VC_903502816694_002-and-MO_000000000000_000-1680795794-vr in 1.5241732597351074 seconds

